[0.040s] Invoking command in '/home/min/a/li5313/ME597Lab1/ros2_ws/build/task_2_interfaces': CMAKE_PREFIX_PATH=${CMAKE_PREFIX_PATH}:/home/min/a/li5313/ME597Lab1/ros2_ws/install/task_1:/opt/ros/humble /usr/bin/cmake --build /home/min/a/li5313/ME597Lab1/ros2_ws/build/task_2_interfaces -- -j8 -l8
[0.095s] -- Found ament_cmake: 1.3.11 (/opt/ros/humble/share/ament_cmake/cmake)
[0.269s] -- Found rosidl_default_generators: 1.2.0 (/opt/ros/humble/share/rosidl_default_generators/cmake)
[0.273s] -- Using all available rosidl_typesupport_c: rosidl_typesupport_fastrtps_c;rosidl_typesupport_introspection_c
[0.279s] -- Found rosidl_adapter: 3.1.6 (/opt/ros/humble/share/rosidl_adapter/cmake)
[0.349s] -- Using all available rosidl_typesupport_cpp: rosidl_typesupport_fastrtps_cpp;rosidl_typesupport_introspection_cpp
[0.384s] -- Found geometry_msgs: 4.2.4 (/opt/ros/humble/share/geometry_msgs/cmake)
[1.067s] -- Found ament_cmake_ros: 0.10.0 (/opt/ros/humble/share/ament_cmake_ros/cmake)
[1.909s] -- Using all available rosidl_typesupport_c: rosidl_typesupport_fastrtps_c;rosidl_typesupport_introspection_c
[3.055s] -- Using all available rosidl_typesupport_cpp: rosidl_typesupport_fastrtps_cpp;rosidl_typesupport_introspection_cpp
[3.086s] -- Found python_cmake_module: 0.10.0 (/opt/ros/humble/share/python_cmake_module/cmake)
[3.123s] -- Using PYTHON_EXECUTABLE: /usr/bin/python3
[3.123s] -- Using PYTHON_INCLUDE_DIRS: /usr/include/python3.10
[3.123s] -- Using PYTHON_LIBRARIES: /usr/lib/x86_64-linux-gnu/libpython3.10.so
[3.381s] -- Found ament_lint_auto: 0.12.11 (/opt/ros/humble/share/ament_lint_auto/cmake)
[3.487s] -- Added test 'lint_cmake' to check CMake code style
[3.516s] -- Added test 'xmllint' to check XML markup files
[3.551s] -- Configuring done
[4.290s] -- Generating done
[4.524s] -- Build files have been written to: /home/min/a/li5313/ME597Lab1/ros2_ws/build/task_2_interfaces
[4.586s] [35m[1mConsolidate compiler generated dependencies of target task_2_interfaces__rosidl_generator_c[0m
[4.600s] [  2%] Built target task_2_interfaces__cpp
[4.621s] [35m[1mConsolidate compiler generated dependencies of target task_2_interfaces__rosidl_typesupport_cpp[0m
[4.622s] [35m[1mConsolidate compiler generated dependencies of target task_2_interfaces__rosidl_typesupport_introspection_cpp[0m
[4.623s] [35m[1mConsolidate compiler generated dependencies of target task_2_interfaces__rosidl_typesupport_fastrtps_cpp[0m
[4.627s] [ 12%] Built target task_2_interfaces__rosidl_generator_c
[4.650s] [35m[1mConsolidate compiler generated dependencies of target task_2_interfaces__rosidl_typesupport_fastrtps_c[0m
[4.651s] [35m[1mConsolidate compiler generated dependencies of target task_2_interfaces__rosidl_typesupport_c[0m
[4.653s] [35m[1mConsolidate compiler generated dependencies of target task_2_interfaces__rosidl_typesupport_introspection_c[0m
[4.685s] [ 46%] Built target task_2_interfaces__rosidl_typesupport_cpp
[4.695s] [ 56%] Built target task_2_interfaces__rosidl_typesupport_introspection_cpp
[4.695s] [ 46%] Built target task_2_interfaces__rosidl_typesupport_fastrtps_cpp
[4.702s] [ 64%] Built target ament_cmake_python_copy_task_2_interfaces
[4.712s] [ 71%] Built target task_2_interfaces__rosidl_typesupport_c
[4.712s] [ 74%] Built target task_2_interfaces__rosidl_typesupport_introspection_c
[4.713s] [ 74%] Built target task_2_interfaces__rosidl_typesupport_fastrtps_c
[4.741s] [ 74%] Built target task_2_interfaces
[4.771s] [ 76%] Built target task_2_interfaces__py
[4.788s] [35m[1mConsolidate compiler generated dependencies of target task_2_interfaces__rosidl_generator_py[0m
[4.828s] [ 84%] Built target task_2_interfaces__rosidl_generator_py
[4.846s] [35m[1mConsolidate compiler generated dependencies of target task_2_interfaces__rosidl_typesupport_fastrtps_c__pyext[0m
[4.846s] [35m[1mConsolidate compiler generated dependencies of target task_2_interfaces__rosidl_typesupport_c__pyext[0m
[4.850s] [35m[1mConsolidate compiler generated dependencies of target task_2_interfaces__rosidl_typesupport_introspection_c__pyext[0m
[4.888s] [100%] Built target task_2_interfaces__rosidl_typesupport_c__pyext
[4.888s] [100%] Built target task_2_interfaces__rosidl_typesupport_fastrtps_c__pyext
[4.889s] [100%] Built target task_2_interfaces__rosidl_typesupport_introspection_c__pyext
[5.181s] running egg_info
[5.182s] writing task_2_interfaces.egg-info/PKG-INFO
[5.184s] writing dependency_links to task_2_interfaces.egg-info/dependency_links.txt
[5.186s] writing top-level names to task_2_interfaces.egg-info/top_level.txt
[5.193s] reading manifest file 'task_2_interfaces.egg-info/SOURCES.txt'
[5.194s] writing manifest file 'task_2_interfaces.egg-info/SOURCES.txt'
[5.224s] [100%] Built target ament_cmake_python_build_task_2_interfaces_egg
[5.254s] Invoked command in '/home/min/a/li5313/ME597Lab1/ros2_ws/build/task_2_interfaces' returned '0': CMAKE_PREFIX_PATH=${CMAKE_PREFIX_PATH}:/home/min/a/li5313/ME597Lab1/ros2_ws/install/task_1:/opt/ros/humble /usr/bin/cmake --build /home/min/a/li5313/ME597Lab1/ros2_ws/build/task_2_interfaces -- -j8 -l8
[5.270s] Invoking command in '/home/min/a/li5313/ME597Lab1/ros2_ws/build/task_2_interfaces': CMAKE_PREFIX_PATH=${CMAKE_PREFIX_PATH}:/home/min/a/li5313/ME597Lab1/ros2_ws/install/task_1:/opt/ros/humble /usr/bin/cmake --install /home/min/a/li5313/ME597Lab1/ros2_ws/build/task_2_interfaces
[5.278s] -- Install configuration: ""
[5.279s] -- Up-to-date: /home/min/a/li5313/ME597Lab1/ros2_ws/install/task_2_interfaces/share/ament_index/resource_index/rosidl_interfaces/task_2_interfaces
[5.280s] -- Up-to-date: /home/min/a/li5313/ME597Lab1/ros2_ws/install/task_2_interfaces/include/task_2_interfaces/task_2_interfaces
[5.282s] -- Up-to-date: /home/min/a/li5313/ME597Lab1/ros2_ws/install/task_2_interfaces/include/task_2_interfaces/task_2_interfaces/msg
[5.283s] -- Up-to-date: /home/min/a/li5313/ME597Lab1/ros2_ws/install/task_2_interfaces/include/task_2_interfaces/task_2_interfaces/msg/rosidl_generator_c__visibility_control.h
[5.284s] -- Up-to-date: /home/min/a/li5313/ME597Lab1/ros2_ws/install/task_2_interfaces/include/task_2_interfaces/task_2_interfaces/msg/joint_data.h
[5.285s] -- Up-to-date: /home/min/a/li5313/ME597Lab1/ros2_ws/install/task_2_interfaces/include/task_2_interfaces/task_2_interfaces/msg/detail
[5.286s] -- Up-to-date: /home/min/a/li5313/ME597Lab1/ros2_ws/install/task_2_interfaces/include/task_2_interfaces/task_2_interfaces/msg/detail/joint_data__functions.c
[5.287s] -- Up-to-date: /home/min/a/li5313/ME597Lab1/ros2_ws/install/task_2_interfaces/include/task_2_interfaces/task_2_interfaces/msg/detail/joint_data__functions.h
[5.288s] -- Up-to-date: /home/min/a/li5313/ME597Lab1/ros2_ws/install/task_2_interfaces/include/task_2_interfaces/task_2_interfaces/msg/detail/joint_data__struct.h
[5.288s] -- Up-to-date: /home/min/a/li5313/ME597Lab1/ros2_ws/install/task_2_interfaces/include/task_2_interfaces/task_2_interfaces/msg/detail/joint_data__type_support.h
[5.289s] -- Up-to-date: /home/min/a/li5313/ME597Lab1/ros2_ws/install/task_2_interfaces/include/task_2_interfaces/task_2_interfaces/srv
[5.291s] -- Up-to-date: /home/min/a/li5313/ME597Lab1/ros2_ws/install/task_2_interfaces/include/task_2_interfaces/task_2_interfaces/srv/joint_state.h
[5.291s] -- Up-to-date: /home/min/a/li5313/ME597Lab1/ros2_ws/install/task_2_interfaces/include/task_2_interfaces/task_2_interfaces/srv/detail
[5.293s] -- Up-to-date: /home/min/a/li5313/ME597Lab1/ros2_ws/install/task_2_interfaces/include/task_2_interfaces/task_2_interfaces/srv/detail/joint_state__functions.c
[5.293s] -- Up-to-date: /home/min/a/li5313/ME597Lab1/ros2_ws/install/task_2_interfaces/include/task_2_interfaces/task_2_interfaces/srv/detail/joint_state__functions.h
[5.294s] -- Up-to-date: /home/min/a/li5313/ME597Lab1/ros2_ws/install/task_2_interfaces/include/task_2_interfaces/task_2_interfaces/srv/detail/joint_state__struct.h
[5.295s] -- Up-to-date: /home/min/a/li5313/ME597Lab1/ros2_ws/install/task_2_interfaces/include/task_2_interfaces/task_2_interfaces/srv/detail/joint_state__type_support.h
[5.296s] -- Up-to-date: /home/min/a/li5313/ME597Lab1/ros2_ws/install/task_2_interfaces/share/task_2_interfaces/environment/library_path.sh
[5.297s] -- Installing: /home/min/a/li5313/ME597Lab1/ros2_ws/install/task_2_interfaces/share/task_2_interfaces/environment/library_path.dsv
[5.303s] -- Up-to-date: /home/min/a/li5313/ME597Lab1/ros2_ws/install/task_2_interfaces/lib/libtask_2_interfaces__rosidl_generator_c.so
[5.305s] -- Up-to-date: /home/min/a/li5313/ME597Lab1/ros2_ws/install/task_2_interfaces/include/task_2_interfaces/task_2_interfaces
[5.306s] -- Up-to-date: /home/min/a/li5313/ME597Lab1/ros2_ws/install/task_2_interfaces/include/task_2_interfaces/task_2_interfaces/msg
[5.308s] -- Up-to-date: /home/min/a/li5313/ME597Lab1/ros2_ws/install/task_2_interfaces/include/task_2_interfaces/task_2_interfaces/msg/rosidl_typesupport_fastrtps_c__visibility_control.h
[5.308s] -- Up-to-date: /home/min/a/li5313/ME597Lab1/ros2_ws/install/task_2_interfaces/include/task_2_interfaces/task_2_interfaces/msg/detail
[5.309s] -- Up-to-date: /home/min/a/li5313/ME597Lab1/ros2_ws/install/task_2_interfaces/include/task_2_interfaces/task_2_interfaces/msg/detail/joint_data__rosidl_typesupport_fastrtps_c.h
[5.310s] -- Up-to-date: /home/min/a/li5313/ME597Lab1/ros2_ws/install/task_2_interfaces/include/task_2_interfaces/task_2_interfaces/srv
[5.311s] -- Up-to-date: /home/min/a/li5313/ME597Lab1/ros2_ws/install/task_2_interfaces/include/task_2_interfaces/task_2_interfaces/srv/detail
[5.312s] -- Up-to-date: /home/min/a/li5313/ME597Lab1/ros2_ws/install/task_2_interfaces/include/task_2_interfaces/task_2_interfaces/srv/detail/joint_state__rosidl_typesupport_fastrtps_c.h
[5.313s] -- Up-to-date: /home/min/a/li5313/ME597Lab1/ros2_ws/install/task_2_interfaces/lib/libtask_2_interfaces__rosidl_typesupport_fastrtps_c.so
[5.315s] -- Up-to-date: /home/min/a/li5313/ME597Lab1/ros2_ws/install/task_2_interfaces/include/task_2_interfaces/task_2_interfaces
[5.316s] -- Up-to-date: /home/min/a/li5313/ME597Lab1/ros2_ws/install/task_2_interfaces/include/task_2_interfaces/task_2_interfaces/msg
[5.318s] -- Up-to-date: /home/min/a/li5313/ME597Lab1/ros2_ws/install/task_2_interfaces/include/task_2_interfaces/task_2_interfaces/msg/rosidl_typesupport_introspection_c__visibility_control.h
[5.318s] -- Up-to-date: /home/min/a/li5313/ME597Lab1/ros2_ws/install/task_2_interfaces/include/task_2_interfaces/task_2_interfaces/msg/detail
[5.320s] -- Up-to-date: /home/min/a/li5313/ME597Lab1/ros2_ws/install/task_2_interfaces/include/task_2_interfaces/task_2_interfaces/msg/detail/joint_data__rosidl_typesupport_introspection_c.h
[5.320s] -- Up-to-date: /home/min/a/li5313/ME597Lab1/ros2_ws/install/task_2_interfaces/include/task_2_interfaces/task_2_interfaces/msg/detail/joint_data__type_support.c
[5.321s] -- Up-to-date: /home/min/a/li5313/ME597Lab1/ros2_ws/install/task_2_interfaces/include/task_2_interfaces/task_2_interfaces/srv
[5.322s] -- Up-to-date: /home/min/a/li5313/ME597Lab1/ros2_ws/install/task_2_interfaces/include/task_2_interfaces/task_2_interfaces/srv/detail
[5.323s] -- Up-to-date: /home/min/a/li5313/ME597Lab1/ros2_ws/install/task_2_interfaces/include/task_2_interfaces/task_2_interfaces/srv/detail/joint_state__rosidl_typesupport_introspection_c.h
[5.324s] -- Up-to-date: /home/min/a/li5313/ME597Lab1/ros2_ws/install/task_2_interfaces/include/task_2_interfaces/task_2_interfaces/srv/detail/joint_state__type_support.c
[5.325s] -- Up-to-date: /home/min/a/li5313/ME597Lab1/ros2_ws/install/task_2_interfaces/lib/libtask_2_interfaces__rosidl_typesupport_introspection_c.so
[5.328s] -- Up-to-date: /home/min/a/li5313/ME597Lab1/ros2_ws/install/task_2_interfaces/lib/libtask_2_interfaces__rosidl_typesupport_c.so
[5.329s] -- Up-to-date: /home/min/a/li5313/ME597Lab1/ros2_ws/install/task_2_interfaces/include/task_2_interfaces/task_2_interfaces
[5.330s] -- Up-to-date: /home/min/a/li5313/ME597Lab1/ros2_ws/install/task_2_interfaces/include/task_2_interfaces/task_2_interfaces/msg
[5.332s] -- Up-to-date: /home/min/a/li5313/ME597Lab1/ros2_ws/install/task_2_interfaces/include/task_2_interfaces/task_2_interfaces/msg/rosidl_generator_cpp__visibility_control.hpp
[5.333s] -- Up-to-date: /home/min/a/li5313/ME597Lab1/ros2_ws/install/task_2_interfaces/include/task_2_interfaces/task_2_interfaces/msg/joint_data.hpp
[5.333s] -- Up-to-date: /home/min/a/li5313/ME597Lab1/ros2_ws/install/task_2_interfaces/include/task_2_interfaces/task_2_interfaces/msg/detail
[5.335s] -- Up-to-date: /home/min/a/li5313/ME597Lab1/ros2_ws/install/task_2_interfaces/include/task_2_interfaces/task_2_interfaces/msg/detail/joint_data__builder.hpp
[5.335s] -- Up-to-date: /home/min/a/li5313/ME597Lab1/ros2_ws/install/task_2_interfaces/include/task_2_interfaces/task_2_interfaces/msg/detail/joint_data__struct.hpp
[5.336s] -- Up-to-date: /home/min/a/li5313/ME597Lab1/ros2_ws/install/task_2_interfaces/include/task_2_interfaces/task_2_interfaces/msg/detail/joint_data__traits.hpp
[5.337s] -- Up-to-date: /home/min/a/li5313/ME597Lab1/ros2_ws/install/task_2_interfaces/include/task_2_interfaces/task_2_interfaces/msg/detail/joint_data__type_support.hpp
[5.337s] -- Up-to-date: /home/min/a/li5313/ME597Lab1/ros2_ws/install/task_2_interfaces/include/task_2_interfaces/task_2_interfaces/srv
[5.339s] -- Up-to-date: /home/min/a/li5313/ME597Lab1/ros2_ws/install/task_2_interfaces/include/task_2_interfaces/task_2_interfaces/srv/joint_state.hpp
[5.339s] -- Up-to-date: /home/min/a/li5313/ME597Lab1/ros2_ws/install/task_2_interfaces/include/task_2_interfaces/task_2_interfaces/srv/detail
[5.340s] -- Up-to-date: /home/min/a/li5313/ME597Lab1/ros2_ws/install/task_2_interfaces/include/task_2_interfaces/task_2_interfaces/srv/detail/joint_state__builder.hpp
[5.341s] -- Up-to-date: /home/min/a/li5313/ME597Lab1/ros2_ws/install/task_2_interfaces/include/task_2_interfaces/task_2_interfaces/srv/detail/joint_state__struct.hpp
[5.342s] -- Up-to-date: /home/min/a/li5313/ME597Lab1/ros2_ws/install/task_2_interfaces/include/task_2_interfaces/task_2_interfaces/srv/detail/joint_state__traits.hpp
[5.343s] -- Up-to-date: /home/min/a/li5313/ME597Lab1/ros2_ws/install/task_2_interfaces/include/task_2_interfaces/task_2_interfaces/srv/detail/joint_state__type_support.hpp
[5.343s] -- Up-to-date: /home/min/a/li5313/ME597Lab1/ros2_ws/install/task_2_interfaces/include/task_2_interfaces/task_2_interfaces
[5.344s] -- Up-to-date: /home/min/a/li5313/ME597Lab1/ros2_ws/install/task_2_interfaces/include/task_2_interfaces/task_2_interfaces/msg
[5.346s] -- Up-to-date: /home/min/a/li5313/ME597Lab1/ros2_ws/install/task_2_interfaces/include/task_2_interfaces/task_2_interfaces/msg/rosidl_typesupport_fastrtps_cpp__visibility_control.h
[5.348s] -- Up-to-date: /home/min/a/li5313/ME597Lab1/ros2_ws/install/task_2_interfaces/include/task_2_interfaces/task_2_interfaces/msg/detail
[5.350s] -- Up-to-date: /home/min/a/li5313/ME597Lab1/ros2_ws/install/task_2_interfaces/include/task_2_interfaces/task_2_interfaces/msg/detail/joint_data__rosidl_typesupport_fastrtps_cpp.hpp
[5.350s] -- Up-to-date: /home/min/a/li5313/ME597Lab1/ros2_ws/install/task_2_interfaces/include/task_2_interfaces/task_2_interfaces/msg/detail/dds_fastrtps
[5.351s] -- Up-to-date: /home/min/a/li5313/ME597Lab1/ros2_ws/install/task_2_interfaces/include/task_2_interfaces/task_2_interfaces/srv
[5.352s] -- Up-to-date: /home/min/a/li5313/ME597Lab1/ros2_ws/install/task_2_interfaces/include/task_2_interfaces/task_2_interfaces/srv/detail
[5.354s] -- Up-to-date: /home/min/a/li5313/ME597Lab1/ros2_ws/install/task_2_interfaces/include/task_2_interfaces/task_2_interfaces/srv/detail/joint_state__rosidl_typesupport_fastrtps_cpp.hpp
[5.354s] -- Up-to-date: /home/min/a/li5313/ME597Lab1/ros2_ws/install/task_2_interfaces/include/task_2_interfaces/task_2_interfaces/srv/detail/dds_fastrtps
[5.356s] -- Up-to-date: /home/min/a/li5313/ME597Lab1/ros2_ws/install/task_2_interfaces/lib/libtask_2_interfaces__rosidl_typesupport_fastrtps_cpp.so
[5.358s] -- Up-to-date: /home/min/a/li5313/ME597Lab1/ros2_ws/install/task_2_interfaces/include/task_2_interfaces/task_2_interfaces
[5.359s] -- Up-to-date: /home/min/a/li5313/ME597Lab1/ros2_ws/install/task_2_interfaces/include/task_2_interfaces/task_2_interfaces/msg
[5.360s] -- Up-to-date: /home/min/a/li5313/ME597Lab1/ros2_ws/install/task_2_interfaces/include/task_2_interfaces/task_2_interfaces/msg/detail
[5.361s] -- Up-to-date: /home/min/a/li5313/ME597Lab1/ros2_ws/install/task_2_interfaces/include/task_2_interfaces/task_2_interfaces/msg/detail/joint_data__rosidl_typesupport_introspection_cpp.hpp
[5.361s] -- Up-to-date: /home/min/a/li5313/ME597Lab1/ros2_ws/install/task_2_interfaces/include/task_2_interfaces/task_2_interfaces/msg/detail/joint_data__type_support.cpp
[5.362s] -- Up-to-date: /home/min/a/li5313/ME597Lab1/ros2_ws/install/task_2_interfaces/include/task_2_interfaces/task_2_interfaces/srv
[5.363s] -- Up-to-date: /home/min/a/li5313/ME597Lab1/ros2_ws/install/task_2_interfaces/include/task_2_interfaces/task_2_interfaces/srv/detail
[5.364s] -- Up-to-date: /home/min/a/li5313/ME597Lab1/ros2_ws/install/task_2_interfaces/include/task_2_interfaces/task_2_interfaces/srv/detail/joint_state__rosidl_typesupport_introspection_cpp.hpp
[5.365s] -- Up-to-date: /home/min/a/li5313/ME597Lab1/ros2_ws/install/task_2_interfaces/include/task_2_interfaces/task_2_interfaces/srv/detail/joint_state__type_support.cpp
[5.366s] -- Up-to-date: /home/min/a/li5313/ME597Lab1/ros2_ws/install/task_2_interfaces/lib/libtask_2_interfaces__rosidl_typesupport_introspection_cpp.so
[5.369s] -- Up-to-date: /home/min/a/li5313/ME597Lab1/ros2_ws/install/task_2_interfaces/lib/libtask_2_interfaces__rosidl_typesupport_cpp.so
[5.371s] -- Up-to-date: /home/min/a/li5313/ME597Lab1/ros2_ws/install/task_2_interfaces/share/task_2_interfaces/environment/pythonpath.sh
[5.371s] -- Installing: /home/min/a/li5313/ME597Lab1/ros2_ws/install/task_2_interfaces/share/task_2_interfaces/environment/pythonpath.dsv
[5.378s] -- Up-to-date: /home/min/a/li5313/ME597Lab1/ros2_ws/install/task_2_interfaces/local/lib/python3.10/dist-packages/task_2_interfaces-0.0.0-py3.10.egg-info
[5.380s] -- Installing: /home/min/a/li5313/ME597Lab1/ros2_ws/install/task_2_interfaces/local/lib/python3.10/dist-packages/task_2_interfaces-0.0.0-py3.10.egg-info/PKG-INFO
[5.387s] -- Installing: /home/min/a/li5313/ME597Lab1/ros2_ws/install/task_2_interfaces/local/lib/python3.10/dist-packages/task_2_interfaces-0.0.0-py3.10.egg-info/dependency_links.txt
[5.393s] -- Installing: /home/min/a/li5313/ME597Lab1/ros2_ws/install/task_2_interfaces/local/lib/python3.10/dist-packages/task_2_interfaces-0.0.0-py3.10.egg-info/top_level.txt
[5.398s] -- Installing: /home/min/a/li5313/ME597Lab1/ros2_ws/install/task_2_interfaces/local/lib/python3.10/dist-packages/task_2_interfaces-0.0.0-py3.10.egg-info/SOURCES.txt
[5.405s] -- Up-to-date: /home/min/a/li5313/ME597Lab1/ros2_ws/install/task_2_interfaces/local/lib/python3.10/dist-packages/task_2_interfaces
[5.407s] -- Installing: /home/min/a/li5313/ME597Lab1/ros2_ws/install/task_2_interfaces/local/lib/python3.10/dist-packages/task_2_interfaces/__init__.py
[5.412s] -- Up-to-date: /home/min/a/li5313/ME597Lab1/ros2_ws/install/task_2_interfaces/local/lib/python3.10/dist-packages/task_2_interfaces/msg
[5.413s] -- Up-to-date: /home/min/a/li5313/ME597Lab1/ros2_ws/install/task_2_interfaces/local/lib/python3.10/dist-packages/task_2_interfaces/msg/_joint_data.py
[5.414s] -- Up-to-date: /home/min/a/li5313/ME597Lab1/ros2_ws/install/task_2_interfaces/local/lib/python3.10/dist-packages/task_2_interfaces/msg/_joint_data_s.c
[5.415s] -- Up-to-date: /home/min/a/li5313/ME597Lab1/ros2_ws/install/task_2_interfaces/local/lib/python3.10/dist-packages/task_2_interfaces/msg/__init__.py
[5.416s] -- Up-to-date: /home/min/a/li5313/ME597Lab1/ros2_ws/install/task_2_interfaces/local/lib/python3.10/dist-packages/task_2_interfaces/srv
[5.417s] -- Up-to-date: /home/min/a/li5313/ME597Lab1/ros2_ws/install/task_2_interfaces/local/lib/python3.10/dist-packages/task_2_interfaces/srv/_joint_state.py
[5.418s] -- Up-to-date: /home/min/a/li5313/ME597Lab1/ros2_ws/install/task_2_interfaces/local/lib/python3.10/dist-packages/task_2_interfaces/srv/_joint_state_s.c
[5.418s] -- Up-to-date: /home/min/a/li5313/ME597Lab1/ros2_ws/install/task_2_interfaces/local/lib/python3.10/dist-packages/task_2_interfaces/srv/__init__.py
[5.419s] -- Up-to-date: /home/min/a/li5313/ME597Lab1/ros2_ws/install/task_2_interfaces/local/lib/python3.10/dist-packages/task_2_interfaces/_task_2_interfaces_s.ep.rosidl_typesupport_fastrtps_c.c
[5.420s] -- Up-to-date: /home/min/a/li5313/ME597Lab1/ros2_ws/install/task_2_interfaces/local/lib/python3.10/dist-packages/task_2_interfaces/_task_2_interfaces_s.ep.rosidl_typesupport_introspection_c.c
[5.421s] -- Up-to-date: /home/min/a/li5313/ME597Lab1/ros2_ws/install/task_2_interfaces/local/lib/python3.10/dist-packages/task_2_interfaces/_task_2_interfaces_s.ep.rosidl_typesupport_c.c
[5.421s] -- Up-to-date: /home/min/a/li5313/ME597Lab1/ros2_ws/install/task_2_interfaces/local/lib/python3.10/dist-packages/task_2_interfaces/libtask_2_interfaces__rosidl_generator_py.so
[5.422s] -- Up-to-date: /home/min/a/li5313/ME597Lab1/ros2_ws/install/task_2_interfaces/local/lib/python3.10/dist-packages/task_2_interfaces/task_2_interfaces_s__rosidl_typesupport_introspection_c.cpython-310-x86_64-linux-gnu.so
[5.423s] -- Up-to-date: /home/min/a/li5313/ME597Lab1/ros2_ws/install/task_2_interfaces/local/lib/python3.10/dist-packages/task_2_interfaces/task_2_interfaces_s__rosidl_typesupport_fastrtps_c.cpython-310-x86_64-linux-gnu.so
[5.424s] -- Up-to-date: /home/min/a/li5313/ME597Lab1/ros2_ws/install/task_2_interfaces/local/lib/python3.10/dist-packages/task_2_interfaces/task_2_interfaces_s__rosidl_typesupport_c.cpython-310-x86_64-linux-gnu.so
[5.474s] Listing '/home/min/a/li5313/ME597Lab1/ros2_ws/install/task_2_interfaces/local/lib/python3.10/dist-packages/task_2_interfaces'...
[5.475s] Compiling '/home/min/a/li5313/ME597Lab1/ros2_ws/install/task_2_interfaces/local/lib/python3.10/dist-packages/task_2_interfaces/__init__.py'...
[5.475s] Listing '/home/min/a/li5313/ME597Lab1/ros2_ws/install/task_2_interfaces/local/lib/python3.10/dist-packages/task_2_interfaces/msg'...
[5.475s] Listing '/home/min/a/li5313/ME597Lab1/ros2_ws/install/task_2_interfaces/local/lib/python3.10/dist-packages/task_2_interfaces/srv'...
[5.480s] -- Up-to-date: /home/min/a/li5313/ME597Lab1/ros2_ws/install/task_2_interfaces/local/lib/python3.10/dist-packages/task_2_interfaces/task_2_interfaces_s__rosidl_typesupport_fastrtps_c.cpython-310-x86_64-linux-gnu.so
[5.483s] -- Up-to-date: /home/min/a/li5313/ME597Lab1/ros2_ws/install/task_2_interfaces/local/lib/python3.10/dist-packages/task_2_interfaces/task_2_interfaces_s__rosidl_typesupport_introspection_c.cpython-310-x86_64-linux-gnu.so
[5.485s] -- Up-to-date: /home/min/a/li5313/ME597Lab1/ros2_ws/install/task_2_interfaces/local/lib/python3.10/dist-packages/task_2_interfaces/task_2_interfaces_s__rosidl_typesupport_c.cpython-310-x86_64-linux-gnu.so
[5.488s] -- Up-to-date: /home/min/a/li5313/ME597Lab1/ros2_ws/install/task_2_interfaces/lib/libtask_2_interfaces__rosidl_generator_py.so
[5.491s] -- Up-to-date: /home/min/a/li5313/ME597Lab1/ros2_ws/install/task_2_interfaces/share/task_2_interfaces/msg/JointData.idl
[5.492s] -- Up-to-date: /home/min/a/li5313/ME597Lab1/ros2_ws/install/task_2_interfaces/share/task_2_interfaces/srv/JointState.idl
[5.493s] -- Up-to-date: /home/min/a/li5313/ME597Lab1/ros2_ws/install/task_2_interfaces/share/task_2_interfaces/msg/JointData.msg
[5.493s] -- Up-to-date: /home/min/a/li5313/ME597Lab1/ros2_ws/install/task_2_interfaces/share/task_2_interfaces/srv/JointState.srv
[5.494s] -- Up-to-date: /home/min/a/li5313/ME597Lab1/ros2_ws/install/task_2_interfaces/share/task_2_interfaces/srv/JointState_Request.msg
[5.495s] -- Up-to-date: /home/min/a/li5313/ME597Lab1/ros2_ws/install/task_2_interfaces/share/task_2_interfaces/srv/JointState_Response.msg
[5.496s] -- Installing: /home/min/a/li5313/ME597Lab1/ros2_ws/install/task_2_interfaces/share/ament_index/resource_index/package_run_dependencies/task_2_interfaces
[5.503s] -- Up-to-date: /home/min/a/li5313/ME597Lab1/ros2_ws/install/task_2_interfaces/share/ament_index/resource_index/parent_prefix_path/task_2_interfaces
[5.503s] -- Up-to-date: /home/min/a/li5313/ME597Lab1/ros2_ws/install/task_2_interfaces/share/task_2_interfaces/environment/ament_prefix_path.sh
[5.504s] -- Installing: /home/min/a/li5313/ME597Lab1/ros2_ws/install/task_2_interfaces/share/task_2_interfaces/environment/ament_prefix_path.dsv
[5.510s] -- Up-to-date: /home/min/a/li5313/ME597Lab1/ros2_ws/install/task_2_interfaces/share/task_2_interfaces/environment/path.sh
[5.511s] -- Installing: /home/min/a/li5313/ME597Lab1/ros2_ws/install/task_2_interfaces/share/task_2_interfaces/environment/path.dsv
[5.516s] -- Up-to-date: /home/min/a/li5313/ME597Lab1/ros2_ws/install/task_2_interfaces/share/task_2_interfaces/local_setup.bash
[5.517s] -- Up-to-date: /home/min/a/li5313/ME597Lab1/ros2_ws/install/task_2_interfaces/share/task_2_interfaces/local_setup.sh
[5.518s] -- Up-to-date: /home/min/a/li5313/ME597Lab1/ros2_ws/install/task_2_interfaces/share/task_2_interfaces/local_setup.zsh
[5.518s] -- Installing: /home/min/a/li5313/ME597Lab1/ros2_ws/install/task_2_interfaces/share/task_2_interfaces/local_setup.dsv
[5.557s] -- Installing: /home/min/a/li5313/ME597Lab1/ros2_ws/install/task_2_interfaces/share/task_2_interfaces/package.dsv
[5.593s] -- Up-to-date: /home/min/a/li5313/ME597Lab1/ros2_ws/install/task_2_interfaces/share/ament_index/resource_index/packages/task_2_interfaces
[5.595s] -- Up-to-date: /home/min/a/li5313/ME597Lab1/ros2_ws/install/task_2_interfaces/share/task_2_interfaces/cmake/export_task_2_interfaces__rosidl_generator_cExport.cmake
[5.596s] -- Up-to-date: /home/min/a/li5313/ME597Lab1/ros2_ws/install/task_2_interfaces/share/task_2_interfaces/cmake/export_task_2_interfaces__rosidl_generator_cExport-noconfig.cmake
[5.598s] -- Up-to-date: /home/min/a/li5313/ME597Lab1/ros2_ws/install/task_2_interfaces/share/task_2_interfaces/cmake/export_task_2_interfaces__rosidl_typesupport_fastrtps_cExport.cmake
[5.599s] -- Up-to-date: /home/min/a/li5313/ME597Lab1/ros2_ws/install/task_2_interfaces/share/task_2_interfaces/cmake/export_task_2_interfaces__rosidl_typesupport_fastrtps_cExport-noconfig.cmake
[5.600s] -- Up-to-date: /home/min/a/li5313/ME597Lab1/ros2_ws/install/task_2_interfaces/share/task_2_interfaces/cmake/task_2_interfaces__rosidl_typesupport_introspection_cExport.cmake
[5.601s] -- Up-to-date: /home/min/a/li5313/ME597Lab1/ros2_ws/install/task_2_interfaces/share/task_2_interfaces/cmake/task_2_interfaces__rosidl_typesupport_introspection_cExport-noconfig.cmake
[5.603s] -- Up-to-date: /home/min/a/li5313/ME597Lab1/ros2_ws/install/task_2_interfaces/share/task_2_interfaces/cmake/task_2_interfaces__rosidl_typesupport_cExport.cmake
[5.604s] -- Up-to-date: /home/min/a/li5313/ME597Lab1/ros2_ws/install/task_2_interfaces/share/task_2_interfaces/cmake/task_2_interfaces__rosidl_typesupport_cExport-noconfig.cmake
[5.606s] -- Up-to-date: /home/min/a/li5313/ME597Lab1/ros2_ws/install/task_2_interfaces/share/task_2_interfaces/cmake/export_task_2_interfaces__rosidl_generator_cppExport.cmake
[5.608s] -- Up-to-date: /home/min/a/li5313/ME597Lab1/ros2_ws/install/task_2_interfaces/share/task_2_interfaces/cmake/export_task_2_interfaces__rosidl_typesupport_fastrtps_cppExport.cmake
[5.609s] -- Up-to-date: /home/min/a/li5313/ME597Lab1/ros2_ws/install/task_2_interfaces/share/task_2_interfaces/cmake/export_task_2_interfaces__rosidl_typesupport_fastrtps_cppExport-noconfig.cmake
[5.611s] -- Up-to-date: /home/min/a/li5313/ME597Lab1/ros2_ws/install/task_2_interfaces/share/task_2_interfaces/cmake/task_2_interfaces__rosidl_typesupport_introspection_cppExport.cmake
[5.611s] -- Up-to-date: /home/min/a/li5313/ME597Lab1/ros2_ws/install/task_2_interfaces/share/task_2_interfaces/cmake/task_2_interfaces__rosidl_typesupport_introspection_cppExport-noconfig.cmake
[5.613s] -- Up-to-date: /home/min/a/li5313/ME597Lab1/ros2_ws/install/task_2_interfaces/share/task_2_interfaces/cmake/task_2_interfaces__rosidl_typesupport_cppExport.cmake
[5.614s] -- Up-to-date: /home/min/a/li5313/ME597Lab1/ros2_ws/install/task_2_interfaces/share/task_2_interfaces/cmake/task_2_interfaces__rosidl_typesupport_cppExport-noconfig.cmake
[5.616s] -- Up-to-date: /home/min/a/li5313/ME597Lab1/ros2_ws/install/task_2_interfaces/share/task_2_interfaces/cmake/export_task_2_interfaces__rosidl_generator_pyExport.cmake
[5.617s] -- Up-to-date: /home/min/a/li5313/ME597Lab1/ros2_ws/install/task_2_interfaces/share/task_2_interfaces/cmake/export_task_2_interfaces__rosidl_generator_pyExport-noconfig.cmake
[5.618s] -- Up-to-date: /home/min/a/li5313/ME597Lab1/ros2_ws/install/task_2_interfaces/share/task_2_interfaces/cmake/rosidl_cmake-extras.cmake
[5.618s] -- Up-to-date: /home/min/a/li5313/ME597Lab1/ros2_ws/install/task_2_interfaces/share/task_2_interfaces/cmake/ament_cmake_export_dependencies-extras.cmake
[5.619s] -- Up-to-date: /home/min/a/li5313/ME597Lab1/ros2_ws/install/task_2_interfaces/share/task_2_interfaces/cmake/ament_cmake_export_include_directories-extras.cmake
[5.620s] -- Up-to-date: /home/min/a/li5313/ME597Lab1/ros2_ws/install/task_2_interfaces/share/task_2_interfaces/cmake/ament_cmake_export_libraries-extras.cmake
[5.621s] -- Up-to-date: /home/min/a/li5313/ME597Lab1/ros2_ws/install/task_2_interfaces/share/task_2_interfaces/cmake/ament_cmake_export_targets-extras.cmake
[5.622s] -- Up-to-date: /home/min/a/li5313/ME597Lab1/ros2_ws/install/task_2_interfaces/share/task_2_interfaces/cmake/rosidl_cmake_export_typesupport_targets-extras.cmake
[5.622s] -- Up-to-date: /home/min/a/li5313/ME597Lab1/ros2_ws/install/task_2_interfaces/share/task_2_interfaces/cmake/rosidl_cmake_export_typesupport_libraries-extras.cmake
[5.623s] -- Up-to-date: /home/min/a/li5313/ME597Lab1/ros2_ws/install/task_2_interfaces/share/task_2_interfaces/cmake/task_2_interfacesConfig.cmake
[5.624s] -- Up-to-date: /home/min/a/li5313/ME597Lab1/ros2_ws/install/task_2_interfaces/share/task_2_interfaces/cmake/task_2_interfacesConfig-version.cmake
[5.625s] -- Installing: /home/min/a/li5313/ME597Lab1/ros2_ws/install/task_2_interfaces/share/task_2_interfaces/package.xml
[5.661s] Invoked command in '/home/min/a/li5313/ME597Lab1/ros2_ws/build/task_2_interfaces' returned '0': CMAKE_PREFIX_PATH=${CMAKE_PREFIX_PATH}:/home/min/a/li5313/ME597Lab1/ros2_ws/install/task_1:/opt/ros/humble /usr/bin/cmake --install /home/min/a/li5313/ME597Lab1/ros2_ws/build/task_2_interfaces
